----------20190506------------
('The num of clustering data is: ', 150307)
('The num of clustering data after filtering overdue_principal less 0 is: ', 150303)
('the num of is_fraud users is:', 35085)
('the num of is_fraud2 users is:', 21842)
('The num of no clustering data is: ', 6717109)
----------20190507------------
('The num of clustering data is: ', 150644)
('The num of clustering data after filtering overdue_principal less 0 is: ', 150639)
('the num of is_fraud users is:', 35198)
('the num of is_fraud2 users is:', 21949)
('The num of no clustering data is: ', 6733760)
----------20190508------------
('the num of is_fraud users is:', 35367)
('the num of is_fraud2 users is:', 22073)
('The num of no clustering data is: ', 6751564)
----------20190509------------
('The num of clustering data is: ', 151954)
('The num of clustering data after filtering overdue_principal less 0 is: ', 151949)
('the num of is_fraud users is:', 35525)
('the num of is_fraud2 users is:', 22184)
('The num of no clustering data is: ', 6772346)
----------20190512------------
('The num of clustering data is: ', 153875)
('The num of clustering data after filtering overdue_principal less 0 is: ', 153868)
('the num of is_fraud users is:', 35993)
('the num of is_fraud2 users is:', 22549)
('The num of no clustering data is: ', 6823391)
----------20190513------------
('The num of clustering data is: ', 154351)
('The num of clustering data after filtering overdue_principal less 0 is: ', 154344)
('the num of is_fraud users is:', 36118)
('the num of is_fraud2 users is:', 22634)
('The num of no clustering data is: ', 6844170)
----------20190514------------
('The num of clustering data is: ', 154795)
('The num of clustering data after filtering overdue_principal less 0 is: ', 154788)
('the num of is_fraud users is:', 36206)
('the num of is_fraud2 users is:', 22729)
('The num of no clustering data is: ', 6864664)
----------20190515--executor-memory------------
('The num of clustering data is: ', 155106)
('The num of clustering data after filtering overdue_principal less 0 is: ', 155098)
('the num of is_fraud users is:', 36321)
('the num of is_fraud2 users is:', 22819)
('The num of no clustering data is: ', 6884068)
----------20190516------------
('The num of clustering data is: ', 155496)
('The num of clustering data after filtering overdue_principal less 0 is: ', 155488)
('the num of is_fraud users is:', 36445)
('the num of is_fraud2 users is:', 22926)
('The num of no clustering data is: ', 6902048)
----------20190517------------
('The num of clustering data is: ', 156480)
('The num of clustering data after filtering overdue_principal less 0 is: ', 156472)
('the num of is_fraud users is:', 36651)
('the num of is_fraud2 users is:', 23039)
('The num of no clustering data is: ', 6917763)
----------20190518------------
('The num of clustering data is: ', 156885)
('The num of clustering data after filtering overdue_principal less 0 is: ', 156878)
('the num of is_fraud users is:', 36744)
('the num of is_fraud2 users is:', 23133)
('The num of no clustering data is: ', 6932250)
----------20190519------------
('The num of clustering data is: ', 157346)
('The num of clustering data after filtering overdue_principal less 0 is: ', 157339)
('the num of is_fraud users is:', 36865)
('the num of is_fraud2 users is:', 23223)
('The num of no clustering data is: ', 6947675)
----------20190520------------
('The num of clustering data is: ', 157786)
('The num of clustering data after filtering overdue_principal less 0 is: ', 157779)
('the num of is_fraud users is:', 36959)
('the num of is_fraud2 users is:', 23311)
('The num of no clustering data is: ', 6964091)
----------20190521------------
('The num of clustering data is: ', 158173)
('The num of clustering data after filtering overdue_principal less 0 is: ', 158166)
('the num of is_fraud users is:', 37084)
('the num of is_fraud2 users is:', 23400)
('The num of no clustering data is: ', 6980392)
----------20190522------------
('The num of clustering data is: ', 158633)
('The num of clustering data after filtering overdue_principal less 0 is: ', 158626)
('the num of is_fraud users is:', 37212)
('the num of is_fraud2 users is:', 23487)
('The num of no clustering data is: ', 6995487)
----------20190523------------
('The num of clustering data is: ', 159033)
('The num of clustering data after filtering overdue_principal less 0 is: ', 159026)
('the num of is_fraud users is:', 37321)
('the num of is_fraud2 users is:', 23563)
('The num of no clustering data is: ', 7009810)
----------20190524------------
('The num of clustering data is: ', 159408)
('The num of clustering data after filtering overdue_principal less 0 is: ', 159401)
('the num of is_fraud users is:', 37424)
('the num of is_fraud2 users is:', 23642)
('The num of no clustering data is: ', 7021543)
----------20190525------------
('The num of clustering data is: ', 159866)
('The num of clustering data after filtering overdue_principal less 0 is: ', 159859)
('the num of is_fraud users is:', 37520)
('the num of is_fraud2 users is:', 23731)
('The num of no clustering data is: ', 7032618)
----------20190526------------
('The num of clustering data is: ', 160345)
('The num of clustering data after filtering overdue_principal less 0 is: ', 160338)
('the num of is_fraud users is:', 37663)
('the num of is_fraud2 users is:', 23865)
('The num of no clustering data is: ', 7044903)
----------20190527------------
('The num of clustering data is: ', 160923)
('The num of clustering data after filtering overdue_principal less 0 is: ', 160916)
('the num of is_fraud users is:', 37769)
('the num of is_fraud2 users is:', 23949)
('The num of no clustering data is: ', 7057626)
